<?xml version="1.0" encoding="UTF-8"?>
<testsuite name="fx.wh.AppTest" tests="1" skipped="0" failures="0" errors="0" timestamp="2025-10-04T17:03:58.382Z" hostname="marams-MacBook-Pro.local" time="0.058">
  <properties/>
  <testcase name="appHasAGreeting()" classname="fx.wh.AppTest" time="0.058"/>
  <system-out><![CDATA[]]></system-out>
  <system-err><![CDATA[SLF4J(I): Connected with provider of type [ch.qos.logback.classic.spi.LogbackServiceProvider]
]]></system-err>
</testsuite>
